<?xml version="1.0" encoding="UTF-8"?>
<testsuite name="TriangleShapeTest" tests="3" skipped="0" failures="0" errors="0" timestamp="2019-04-10T13:05:17" hostname="DESKTOP-5KFV8OK" time="0.002">
  <properties/>
  <testcase name="test_TriangleShape" classname="TriangleShapeTest" time="0.0"/>
  <testcase name="test_getArea" classname="TriangleShapeTest" time="0.0"/>
  <testcase name="test_getPerimeter" classname="TriangleShapeTest" time="0.0"/>
  <system-out><![CDATA[Triangle
]]></system-out>
  <system-err><![CDATA[]]></system-err>
</testsuite>
