<?xml version="1.0" encoding="UTF-8"?>
<testsuite name="TriangleTest" tests="6" skipped="0" failures="0" errors="0" timestamp="2019-04-08T13:59:12" hostname="DESKTOP-5KFV8OK" time="0.02">
  <properties/>
  <testcase name="test_isIsosceles" classname="TriangleTest" time="0.004"/>
  <testcase name="test_isSquare" classname="TriangleTest" time="0.0"/>
  <testcase name="test_getType" classname="TriangleTest" time="0.014"/>
  <testcase name="test_Triangle" classname="TriangleTest" time="0.001"/>
  <testcase name="test_getAreaTriangle" classname="TriangleTest" time="0.0"/>
  <testcase name="test_getCircumferenceTriangle" classname="TriangleTest" time="0.0"/>
  <system-out><![CDATA[ vectorABX -2 vectorBCX -1 vectorACX -3
 edgeAB 2.8284271247461903 edgeAC 3.1622776601683795 edgeBC 3.1622776601683795
 vectorABX 2 vectorBCX -67 vectorACX -65
 edgeAB 2.23606797749979 edgeAC 65.12296062065974 edgeBC 67.06713054842886
 vectorABX 2 vectorBCX -4 vectorACX -2
 edgeAB 2.23606797749979 edgeAC 4.47213595499958 edgeBC 5.0
 vectorABX -2 vectorBCX 0 vectorACX -2
 edgeAB 2.8284271247461903 edgeAC 2.8284271247461903 edgeBC 4.0
 vectorABX -1 vectorBCX -2 vectorACX -3
 edgeAB 2.23606797749979 edgeAC 5.0 edgeBC 2.8284271247461903
]]></system-out>
  <system-err><![CDATA[]]></system-err>
</testsuite>
