<?xml version="1.0" encoding="UTF-8"?>
<testsuite name="StrategyShapeTest" tests="2" skipped="0" failures="0" errors="0" timestamp="2019-04-10T13:05:17" hostname="DESKTOP-5KFV8OK" time="0.008">
  <properties/>
  <testcase name="test_createdOPPFromParameters" classname="StrategyShapeTest" time="0.006"/>
  <testcase name="test_getLengthParameters" classname="StrategyShapeTest" time="0.001"/>
  <system-out><![CDATA[]]></system-out>
  <system-err><![CDATA[]]></system-err>
</testsuite>
